2026-03-23 20:49:25,724 [WARNING] Script not found: /home/pc-1/ElliotCoreRoot/workspace/stage1_script.py
2026-03-23 20:49:26,868 [WARNING] Script not found: /home/pc-1/ElliotCoreRoot/workspace/stage2_script.py
2026-03-23 20:56:18,222 [INFO] HealthCheck stub called
2026-03-23 20:56:18,223 [INFO] Collector scan: /home/pc-1/ElliotCoreRoot/logs/wifi.log
2026-03-23 20:56:18,229 [INFO] Collector scan: /home/pc-1/ElliotCoreRoot/logs/bluetooth.log
2026-03-23 20:56:18,229 [INFO] Collector scan: /home/pc-1/ElliotCoreRoot/logs/system.log
2026-03-23 20:56:28,229 [INFO] HealthCheck stub called
2026-03-23 20:56:28,229 [INFO] Collector scan: /home/pc-1/ElliotCoreRoot/logs/wifi.log
2026-03-23 20:56:28,229 [INFO] Collector scan: /home/pc-1/ElliotCoreRoot/logs/bluetooth.log
2026-03-23 20:56:28,229 [INFO] Collector scan: /home/pc-1/ElliotCoreRoot/logs/system.log
2026-03-23 20:56:38,230 [INFO] HealthCheck stub called
2026-03-23 20:56:38,230 [INFO] Collector scan: /home/pc-1/ElliotCoreRoot/logs/wifi.log
2026-03-23 20:56:38,230 [INFO] Collector scan: /home/pc-1/ElliotCoreRoot/logs/bluetooth.log
2026-03-23 20:56:38,230 [INFO] Collector scan: /home/pc-1/ElliotCoreRoot/logs/system.log
2026-03-23 20:56:48,230 [INFO] HealthCheck stub called
2026-03-23 20:56:48,230 [INFO] Collector scan: /home/pc-1/ElliotCoreRoot/logs/wifi.log
2026-03-23 20:56:48,230 [INFO] Collector scan: /home/pc-1/ElliotCoreRoot/logs/bluetooth.log
2026-03-23 20:56:48,230 [INFO] Collector scan: /home/pc-1/ElliotCoreRoot/logs/system.log
2026-03-23 20:56:58,230 [INFO] HealthCheck stub called
2026-03-23 20:56:58,230 [INFO] Collector scan: /home/pc-1/ElliotCoreRoot/logs/wifi.log
2026-03-23 20:56:58,230 [INFO] Collector scan: /home/pc-1/ElliotCoreRoot/logs/bluetooth.log
2026-03-23 20:56:58,230 [INFO] Collector scan: /home/pc-1/ElliotCoreRoot/logs/system.log
2026-03-23 20:57:08,231 [INFO] HealthCheck stub called
2026-03-23 20:57:08,231 [INFO] Collector scan: /home/pc-1/ElliotCoreRoot/logs/wifi.log
2026-03-23 20:57:08,231 [INFO] Collector scan: /home/pc-1/ElliotCoreRoot/logs/bluetooth.log
2026-03-23 20:57:08,231 [INFO] Collector scan: /home/pc-1/ElliotCoreRoot/logs/system.log
2026-03-23 20:57:18,231 [INFO] HealthCheck stub called
2026-03-23 20:57:18,231 [INFO] Collector scan: /home/pc-1/ElliotCoreRoot/logs/wifi.log
2026-03-23 20:57:18,231 [INFO] Collector scan: /home/pc-1/ElliotCoreRoot/logs/bluetooth.log
2026-03-23 20:57:18,231 [INFO] Collector scan: /home/pc-1/ElliotCoreRoot/logs/system.log
2026-03-23 20:57:46,680 [INFO] HealthCheck stub called
2026-03-23 20:57:46,680 [INFO] Collector scan: /home/pc-1/ElliotCoreRoot/logs/wifi.log
2026-03-23 20:57:46,680 [INFO] Collector scan: /home/pc-1/ElliotCoreRoot/logs/bluetooth.log
2026-03-23 20:57:46,680 [INFO] Collector scan: /home/pc-1/ElliotCoreRoot/logs/system.log
2026-03-23 20:57:56,680 [INFO] HealthCheck stub called
2026-03-23 20:57:56,680 [INFO] Collector scan: /home/pc-1/ElliotCoreRoot/logs/wifi.log
2026-03-23 20:57:56,680 [INFO] Collector scan: /home/pc-1/ElliotCoreRoot/logs/bluetooth.log
2026-03-23 20:57:56,680 [INFO] Collector scan: /home/pc-1/ElliotCoreRoot/logs/system.log
2026-03-23 20:58:06,680 [INFO] HealthCheck stub called
2026-03-23 20:58:06,680 [INFO] Collector scan: /home/pc-1/ElliotCoreRoot/logs/wifi.log
2026-03-23 20:58:06,680 [INFO] Collector scan: /home/pc-1/ElliotCoreRoot/logs/bluetooth.log
2026-03-23 20:58:06,680 [INFO] Collector scan: /home/pc-1/ElliotCoreRoot/logs/system.log
2026-03-23 20:58:16,681 [INFO] HealthCheck stub called
2026-03-23 20:58:16,681 [INFO] Collector scan: /home/pc-1/ElliotCoreRoot/logs/wifi.log
2026-03-23 20:58:16,681 [INFO] Collector scan: /home/pc-1/ElliotCoreRoot/logs/bluetooth.log
2026-03-23 20:58:16,681 [INFO] Collector scan: /home/pc-1/ElliotCoreRoot/logs/system.log
2026-03-23 20:58:26,681 [INFO] HealthCheck stub called
2026-03-23 20:58:26,681 [INFO] Collector scan: /home/pc-1/ElliotCoreRoot/logs/wifi.log
2026-03-23 20:58:26,681 [INFO] Collector scan: /home/pc-1/ElliotCoreRoot/logs/bluetooth.log
2026-03-23 20:58:26,681 [INFO] Collector scan: /home/pc-1/ElliotCoreRoot/logs/system.log
2026-03-23 20:58:36,681 [INFO] HealthCheck stub called
2026-03-23 20:58:36,681 [INFO] Collector scan: /home/pc-1/ElliotCoreRoot/logs/wifi.log
2026-03-23 20:58:36,681 [INFO] Collector scan: /home/pc-1/ElliotCoreRoot/logs/bluetooth.log
2026-03-23 20:58:36,681 [INFO] Collector scan: /home/pc-1/ElliotCoreRoot/logs/system.log
2026-03-23 20:58:46,682 [INFO] HealthCheck stub called
2026-03-23 20:58:46,682 [INFO] Collector scan: /home/pc-1/ElliotCoreRoot/logs/wifi.log
2026-03-23 20:58:46,682 [INFO] Collector scan: /home/pc-1/ElliotCoreRoot/logs/bluetooth.log
2026-03-23 20:58:46,682 [INFO] Collector scan: /home/pc-1/ElliotCoreRoot/logs/system.log
2026-03-23 20:58:56,682 [INFO] HealthCheck stub called
2026-03-23 20:58:56,682 [INFO] Collector scan: /home/pc-1/ElliotCoreRoot/logs/wifi.log
2026-03-23 20:58:56,682 [INFO] Collector scan: /home/pc-1/ElliotCoreRoot/logs/bluetooth.log
2026-03-23 20:58:56,682 [INFO] Collector scan: /home/pc-1/ElliotCoreRoot/logs/system.log
2026-03-23 20:59:06,683 [INFO] HealthCheck stub called
2026-03-23 20:59:06,683 [INFO] Collector scan: /home/pc-1/ElliotCoreRoot/logs/wifi.log
2026-03-23 20:59:06,683 [INFO] Collector scan: /home/pc-1/ElliotCoreRoot/logs/bluetooth.log
2026-03-23 20:59:06,683 [INFO] Collector scan: /home/pc-1/ElliotCoreRoot/logs/system.log
2026-03-23 21:12:14,815 [INFO] HealthCheck stub called
2026-03-23 21:12:14,815 [INFO] Collector scan: /home/pc-1/ElliotCoreRoot/logs/wifi.log
2026-03-23 21:12:14,815 [INFO] Collector scan: /home/pc-1/ElliotCoreRoot/logs/bluetooth.log
2026-03-23 21:12:14,815 [INFO] Collector scan: /home/pc-1/ElliotCoreRoot/logs/system.log
2026-03-23 21:12:24,816 [INFO] HealthCheck stub called
2026-03-23 21:12:24,816 [INFO] Collector scan: /home/pc-1/ElliotCoreRoot/logs/wifi.log
2026-03-23 21:12:24,816 [INFO] Collector scan: /home/pc-1/ElliotCoreRoot/logs/bluetooth.log
2026-03-23 21:12:24,816 [INFO] Collector scan: /home/pc-1/ElliotCoreRoot/logs/system.log
2026-03-23 21:12:34,816 [INFO] HealthCheck stub called
2026-03-23 21:12:34,816 [INFO] Collector scan: /home/pc-1/ElliotCoreRoot/logs/wifi.log
2026-03-23 21:12:34,816 [INFO] Collector scan: /home/pc-1/ElliotCoreRoot/logs/bluetooth.log
2026-03-23 21:12:34,816 [INFO] Collector scan: /home/pc-1/ElliotCoreRoot/logs/system.log
2026-03-23 21:12:44,816 [INFO] HealthCheck stub called
2026-03-23 21:12:44,816 [INFO] Collector scan: /home/pc-1/ElliotCoreRoot/logs/wifi.log
2026-03-23 21:12:44,816 [INFO] Collector scan: /home/pc-1/ElliotCoreRoot/logs/bluetooth.log
2026-03-23 21:12:44,816 [INFO] Collector scan: /home/pc-1/ElliotCoreRoot/logs/system.log
2026-03-23 21:12:54,816 [INFO] HealthCheck stub called
2026-03-23 21:12:54,817 [INFO] Collector scan: /home/pc-1/ElliotCoreRoot/logs/wifi.log
2026-03-23 21:12:54,817 [INFO] Collector scan: /home/pc-1/ElliotCoreRoot/logs/bluetooth.log
2026-03-23 21:12:54,817 [INFO] Collector scan: /home/pc-1/ElliotCoreRoot/logs/system.log
2026-03-23 21:13:04,817 [INFO] HealthCheck stub called
2026-03-23 21:13:04,817 [INFO] Collector scan: /home/pc-1/ElliotCoreRoot/logs/wifi.log
2026-03-23 21:13:04,817 [INFO] Collector scan: /home/pc-1/ElliotCoreRoot/logs/bluetooth.log
2026-03-23 21:13:04,817 [INFO] Collector scan: /home/pc-1/ElliotCoreRoot/logs/system.log
2026-03-23 21:13:14,817 [INFO] HealthCheck stub called
2026-03-23 21:13:14,817 [INFO] Collector scan: /home/pc-1/ElliotCoreRoot/logs/wifi.log
2026-03-23 21:13:14,817 [INFO] Collector scan: /home/pc-1/ElliotCoreRoot/logs/bluetooth.log
2026-03-23 21:13:14,817 [INFO] Collector scan: /home/pc-1/ElliotCoreRoot/logs/system.log
2026-03-23 21:13:24,817 [INFO] HealthCheck stub called
2026-03-23 21:13:24,817 [INFO] Collector scan: /home/pc-1/ElliotCoreRoot/logs/wifi.log
2026-03-23 21:13:24,817 [INFO] Collector scan: /home/pc-1/ElliotCoreRoot/logs/bluetooth.log
2026-03-23 21:13:24,817 [INFO] Collector scan: /home/pc-1/ElliotCoreRoot/logs/system.log
2026-03-23 21:13:31,788 [WARNING] Script not found: /home/pc-1/ElliotCoreRoot/workspace/stage1_script.py
2026-03-23 21:13:34,818 [INFO] HealthCheck stub called
2026-03-23 21:13:34,818 [INFO] Collector scan: /home/pc-1/ElliotCoreRoot/logs/wifi.log
2026-03-23 21:13:34,818 [INFO] Collector scan: /home/pc-1/ElliotCoreRoot/logs/bluetooth.log
2026-03-23 21:13:34,818 [INFO] Collector scan: /home/pc-1/ElliotCoreRoot/logs/system.log
2026-03-23 21:13:44,818 [INFO] HealthCheck stub called
2026-03-23 21:13:44,818 [INFO] Collector scan: /home/pc-1/ElliotCoreRoot/logs/wifi.log
2026-03-23 21:13:44,818 [INFO] Collector scan: /home/pc-1/ElliotCoreRoot/logs/bluetooth.log
2026-03-23 21:13:44,818 [INFO] Collector scan: /home/pc-1/ElliotCoreRoot/logs/system.log
2026-03-23 21:13:54,818 [INFO] HealthCheck stub called
2026-03-23 21:13:54,818 [INFO] Collector scan: /home/pc-1/ElliotCoreRoot/logs/wifi.log
2026-03-23 21:13:54,818 [INFO] Collector scan: /home/pc-1/ElliotCoreRoot/logs/bluetooth.log
2026-03-23 21:13:54,818 [INFO] Collector scan: /home/pc-1/ElliotCoreRoot/logs/system.log
2026-03-23 21:14:04,818 [INFO] HealthCheck stub called
2026-03-23 21:14:04,819 [INFO] Collector scan: /home/pc-1/ElliotCoreRoot/logs/wifi.log
2026-03-23 21:14:04,819 [INFO] Collector scan: /home/pc-1/ElliotCoreRoot/logs/bluetooth.log
2026-03-23 21:14:04,819 [INFO] Collector scan: /home/pc-1/ElliotCoreRoot/logs/system.log
2026-03-23 21:14:14,819 [INFO] HealthCheck stub called
2026-03-23 21:14:14,819 [INFO] Collector scan: /home/pc-1/ElliotCoreRoot/logs/wifi.log
2026-03-23 21:14:14,819 [INFO] Collector scan: /home/pc-1/ElliotCoreRoot/logs/bluetooth.log
2026-03-23 21:14:14,819 [INFO] Collector scan: /home/pc-1/ElliotCoreRoot/logs/system.log
2026-03-23 21:14:24,819 [INFO] HealthCheck stub called
2026-03-23 21:14:24,819 [INFO] Collector scan: /home/pc-1/ElliotCoreRoot/logs/wifi.log
2026-03-23 21:14:24,819 [INFO] Collector scan: /home/pc-1/ElliotCoreRoot/logs/bluetooth.log
2026-03-23 21:14:24,819 [INFO] Collector scan: /home/pc-1/ElliotCoreRoot/logs/system.log
2026-03-23 21:14:34,819 [INFO] HealthCheck stub called
2026-03-23 21:14:34,819 [INFO] Collector scan: /home/pc-1/ElliotCoreRoot/logs/wifi.log
2026-03-23 21:14:34,819 [INFO] Collector scan: /home/pc-1/ElliotCoreRoot/logs/bluetooth.log
2026-03-23 21:14:34,819 [INFO] Collector scan: /home/pc-1/ElliotCoreRoot/logs/system.log
2026-03-23 21:14:44,820 [INFO] HealthCheck stub called
2026-03-23 21:14:44,820 [INFO] Collector scan: /home/pc-1/ElliotCoreRoot/logs/wifi.log
2026-03-23 21:14:44,820 [INFO] Collector scan: /home/pc-1/ElliotCoreRoot/logs/bluetooth.log
2026-03-23 21:14:44,820 [INFO] Collector scan: /home/pc-1/ElliotCoreRoot/logs/system.log
2026-03-23 21:14:46,766 [WARNING] Script not found: /home/pc-1/ElliotCoreRoot/workspace/stage1_script.py
2026-03-23 21:14:54,820 [INFO] HealthCheck stub called
2026-03-23 21:14:54,820 [INFO] Collector scan: /home/pc-1/ElliotCoreRoot/logs/wifi.log
2026-03-23 21:14:54,820 [INFO] Collector scan: /home/pc-1/ElliotCoreRoot/logs/bluetooth.log
2026-03-23 21:14:54,820 [INFO] Collector scan: /home/pc-1/ElliotCoreRoot/logs/system.log
2026-03-23 21:15:04,820 [INFO] HealthCheck stub called
2026-03-23 21:15:04,820 [INFO] Collector scan: /home/pc-1/ElliotCoreRoot/logs/wifi.log
2026-03-23 21:15:04,820 [INFO] Collector scan: /home/pc-1/ElliotCoreRoot/logs/bluetooth.log
2026-03-23 21:15:04,820 [INFO] Collector scan: /home/pc-1/ElliotCoreRoot/logs/system.log
2026-03-23 21:15:14,821 [INFO] HealthCheck stub called
2026-03-23 21:15:14,821 [INFO] Collector scan: /home/pc-1/ElliotCoreRoot/logs/wifi.log
2026-03-23 21:15:14,821 [INFO] Collector scan: /home/pc-1/ElliotCoreRoot/logs/bluetooth.log
2026-03-23 21:15:14,821 [INFO] Collector scan: /home/pc-1/ElliotCoreRoot/logs/system.log
2026-03-23 21:15:24,821 [INFO] HealthCheck stub called
2026-03-23 21:15:24,821 [INFO] Collector scan: /home/pc-1/ElliotCoreRoot/logs/wifi.log
2026-03-23 21:15:24,821 [INFO] Collector scan: /home/pc-1/ElliotCoreRoot/logs/bluetooth.log
2026-03-23 21:15:24,821 [INFO] Collector scan: /home/pc-1/ElliotCoreRoot/logs/system.log
2026-03-23 21:15:34,821 [INFO] HealthCheck stub called
2026-03-23 21:15:34,821 [INFO] Collector scan: /home/pc-1/ElliotCoreRoot/logs/wifi.log
2026-03-23 21:15:34,821 [INFO] Collector scan: /home/pc-1/ElliotCoreRoot/logs/bluetooth.log
2026-03-23 21:15:34,821 [INFO] Collector scan: /home/pc-1/ElliotCoreRoot/logs/system.log
2026-03-23 21:15:44,822 [INFO] HealthCheck stub called
2026-03-23 21:15:44,822 [INFO] Collector scan: /home/pc-1/ElliotCoreRoot/logs/wifi.log
2026-03-23 21:15:44,822 [INFO] Collector scan: /home/pc-1/ElliotCoreRoot/logs/bluetooth.log
2026-03-23 21:15:44,822 [INFO] Collector scan: /home/pc-1/ElliotCoreRoot/logs/system.log
2026-03-23 21:15:54,822 [INFO] HealthCheck stub called
2026-03-23 21:15:54,822 [INFO] Collector scan: /home/pc-1/ElliotCoreRoot/logs/wifi.log
2026-03-23 21:15:54,822 [INFO] Collector scan: /home/pc-1/ElliotCoreRoot/logs/bluetooth.log
2026-03-23 21:15:54,822 [INFO] Collector scan: /home/pc-1/ElliotCoreRoot/logs/system.log
2026-03-23 21:16:04,822 [INFO] HealthCheck stub called
2026-03-23 21:16:04,822 [INFO] Collector scan: /home/pc-1/ElliotCoreRoot/logs/wifi.log
2026-03-23 21:16:04,822 [INFO] Collector scan: /home/pc-1/ElliotCoreRoot/logs/bluetooth.log
2026-03-23 21:16:04,822 [INFO] Collector scan: /home/pc-1/ElliotCoreRoot/logs/system.log
2026-03-23 21:16:14,822 [INFO] HealthCheck stub called
2026-03-23 21:16:14,823 [INFO] Collector scan: /home/pc-1/ElliotCoreRoot/logs/wifi.log
2026-03-23 21:16:14,823 [INFO] Collector scan: /home/pc-1/ElliotCoreRoot/logs/bluetooth.log
2026-03-23 21:16:14,823 [INFO] Collector scan: /home/pc-1/ElliotCoreRoot/logs/system.log
2026-03-23 21:16:24,823 [INFO] HealthCheck stub called
2026-03-23 21:16:24,823 [INFO] Collector scan: /home/pc-1/ElliotCoreRoot/logs/wifi.log
2026-03-23 21:16:24,823 [INFO] Collector scan: /home/pc-1/ElliotCoreRoot/logs/bluetooth.log
2026-03-23 21:16:24,823 [INFO] Collector scan: /home/pc-1/ElliotCoreRoot/logs/system.log
2026-03-23 21:16:34,823 [INFO] HealthCheck stub called
2026-03-23 21:16:34,823 [INFO] Collector scan: /home/pc-1/ElliotCoreRoot/logs/wifi.log
2026-03-23 21:16:34,823 [INFO] Collector scan: /home/pc-1/ElliotCoreRoot/logs/bluetooth.log
2026-03-23 21:16:34,823 [INFO] Collector scan: /home/pc-1/ElliotCoreRoot/logs/system.log
2026-03-23 21:16:44,823 [INFO] HealthCheck stub called
2026-03-23 21:16:44,824 [INFO] Collector scan: /home/pc-1/ElliotCoreRoot/logs/wifi.log
2026-03-23 21:16:44,824 [INFO] Collector scan: /home/pc-1/ElliotCoreRoot/logs/bluetooth.log
2026-03-23 21:16:44,824 [INFO] Collector scan: /home/pc-1/ElliotCoreRoot/logs/system.log
2026-03-23 21:16:54,824 [INFO] HealthCheck stub called
2026-03-23 21:16:54,824 [INFO] Collector scan: /home/pc-1/ElliotCoreRoot/logs/wifi.log
2026-03-23 21:16:54,824 [INFO] Collector scan: /home/pc-1/ElliotCoreRoot/logs/bluetooth.log
2026-03-23 21:16:54,824 [INFO] Collector scan: /home/pc-1/ElliotCoreRoot/logs/system.log
2026-03-23 21:17:04,824 [INFO] HealthCheck stub called
2026-03-23 21:17:04,824 [INFO] Collector scan: /home/pc-1/ElliotCoreRoot/logs/wifi.log
2026-03-23 21:17:04,824 [INFO] Collector scan: /home/pc-1/ElliotCoreRoot/logs/bluetooth.log
2026-03-23 21:17:04,824 [INFO] Collector scan: /home/pc-1/ElliotCoreRoot/logs/system.log
2026-03-23 21:17:14,824 [INFO] HealthCheck stub called
2026-03-23 21:17:14,824 [INFO] Collector scan: /home/pc-1/ElliotCoreRoot/logs/wifi.log
2026-03-23 21:17:14,824 [INFO] Collector scan: /home/pc-1/ElliotCoreRoot/logs/bluetooth.log
2026-03-23 21:17:14,824 [INFO] Collector scan: /home/pc-1/ElliotCoreRoot/logs/system.log
2026-03-23 21:17:24,825 [INFO] HealthCheck stub called
2026-03-23 21:17:24,825 [INFO] Collector scan: /home/pc-1/ElliotCoreRoot/logs/wifi.log
2026-03-23 21:17:24,825 [INFO] Collector scan: /home/pc-1/ElliotCoreRoot/logs/bluetooth.log
2026-03-23 21:17:24,825 [INFO] Collector scan: /home/pc-1/ElliotCoreRoot/logs/system.log
2026-03-23 21:17:34,825 [INFO] HealthCheck stub called
2026-03-23 21:17:34,825 [INFO] Collector scan: /home/pc-1/ElliotCoreRoot/logs/wifi.log
2026-03-23 21:17:34,825 [INFO] Collector scan: /home/pc-1/ElliotCoreRoot/logs/bluetooth.log
2026-03-23 21:17:34,825 [INFO] Collector scan: /home/pc-1/ElliotCoreRoot/logs/system.log
2026-03-23 21:17:44,825 [INFO] HealthCheck stub called
2026-03-23 21:17:44,825 [INFO] Collector scan: /home/pc-1/ElliotCoreRoot/logs/wifi.log
2026-03-23 21:17:44,825 [INFO] Collector scan: /home/pc-1/ElliotCoreRoot/logs/bluetooth.log
2026-03-23 21:17:44,825 [INFO] Collector scan: /home/pc-1/ElliotCoreRoot/logs/system.log
2026-03-23 21:17:54,826 [INFO] HealthCheck stub called
2026-03-23 21:17:54,826 [INFO] Collector scan: /home/pc-1/ElliotCoreRoot/logs/wifi.log
2026-03-23 21:17:54,826 [INFO] Collector scan: /home/pc-1/ElliotCoreRoot/logs/bluetooth.log
2026-03-23 21:17:54,826 [INFO] Collector scan: /home/pc-1/ElliotCoreRoot/logs/system.log
2026-03-23 21:18:04,826 [INFO] HealthCheck stub called
2026-03-23 21:18:04,826 [INFO] Collector scan: /home/pc-1/ElliotCoreRoot/logs/wifi.log
2026-03-23 21:18:04,826 [INFO] Collector scan: /home/pc-1/ElliotCoreRoot/logs/bluetooth.log
2026-03-23 21:18:04,826 [INFO] Collector scan: /home/pc-1/ElliotCoreRoot/logs/system.log
2026-03-23 21:18:14,826 [INFO] HealthCheck stub called
2026-03-23 21:18:14,826 [INFO] Collector scan: /home/pc-1/ElliotCoreRoot/logs/wifi.log
2026-03-23 21:18:14,826 [INFO] Collector scan: /home/pc-1/ElliotCoreRoot/logs/bluetooth.log
2026-03-23 21:18:14,826 [INFO] Collector scan: /home/pc-1/ElliotCoreRoot/logs/system.log
2026-03-23 21:18:24,827 [INFO] HealthCheck stub called
2026-03-23 21:18:24,827 [INFO] Collector scan: /home/pc-1/ElliotCoreRoot/logs/wifi.log
2026-03-23 21:18:24,827 [INFO] Collector scan: /home/pc-1/ElliotCoreRoot/logs/bluetooth.log
2026-03-23 21:18:24,827 [INFO] Collector scan: /home/pc-1/ElliotCoreRoot/logs/system.log
2026-03-23 21:18:34,827 [INFO] HealthCheck stub called
2026-03-23 21:18:34,827 [INFO] Collector scan: /home/pc-1/ElliotCoreRoot/logs/wifi.log
2026-03-23 21:18:34,827 [INFO] Collector scan: /home/pc-1/ElliotCoreRoot/logs/bluetooth.log
2026-03-23 21:18:34,827 [INFO] Collector scan: /home/pc-1/ElliotCoreRoot/logs/system.log
2026-03-23 21:18:44,828 [INFO] HealthCheck stub called
2026-03-23 21:18:44,828 [INFO] Collector scan: /home/pc-1/ElliotCoreRoot/logs/wifi.log
2026-03-23 21:18:44,828 [INFO] Collector scan: /home/pc-1/ElliotCoreRoot/logs/bluetooth.log
2026-03-23 21:18:44,828 [INFO] Collector scan: /home/pc-1/ElliotCoreRoot/logs/system.log
2026-03-23 21:18:54,828 [INFO] HealthCheck stub called
2026-03-23 21:18:54,828 [INFO] Collector scan: /home/pc-1/ElliotCoreRoot/logs/wifi.log
2026-03-23 21:18:54,828 [INFO] Collector scan: /home/pc-1/ElliotCoreRoot/logs/bluetooth.log
2026-03-23 21:18:54,828 [INFO] Collector scan: /home/pc-1/ElliotCoreRoot/logs/system.log
2026-03-23 21:19:04,828 [INFO] HealthCheck stub called
2026-03-23 21:19:04,828 [INFO] Collector scan: /home/pc-1/ElliotCoreRoot/logs/wifi.log
2026-03-23 21:19:04,828 [INFO] Collector scan: /home/pc-1/ElliotCoreRoot/logs/bluetooth.log
2026-03-23 21:19:04,828 [INFO] Collector scan: /home/pc-1/ElliotCoreRoot/logs/system.log
2026-03-23 21:19:14,829 [INFO] HealthCheck stub called
2026-03-23 21:19:14,829 [INFO] Collector scan: /home/pc-1/ElliotCoreRoot/logs/wifi.log
2026-03-23 21:19:14,829 [INFO] Collector scan: /home/pc-1/ElliotCoreRoot/logs/bluetooth.log
2026-03-23 21:19:14,829 [INFO] Collector scan: /home/pc-1/ElliotCoreRoot/logs/system.log
2026-03-23 21:19:24,829 [INFO] HealthCheck stub called
2026-03-23 21:19:24,829 [INFO] Collector scan: /home/pc-1/ElliotCoreRoot/logs/wifi.log
2026-03-23 21:19:24,829 [INFO] Collector scan: /home/pc-1/ElliotCoreRoot/logs/bluetooth.log
2026-03-23 21:19:24,829 [INFO] Collector scan: /home/pc-1/ElliotCoreRoot/logs/system.log
2026-03-23 21:19:34,829 [INFO] HealthCheck stub called
2026-03-23 21:19:34,829 [INFO] Collector scan: /home/pc-1/ElliotCoreRoot/logs/wifi.log
2026-03-23 21:19:34,829 [INFO] Collector scan: /home/pc-1/ElliotCoreRoot/logs/bluetooth.log
2026-03-23 21:19:34,829 [INFO] Collector scan: /home/pc-1/ElliotCoreRoot/logs/system.log
2026-03-23 21:19:44,830 [INFO] HealthCheck stub called
2026-03-23 21:19:44,830 [INFO] Collector scan: /home/pc-1/ElliotCoreRoot/logs/wifi.log
2026-03-23 21:19:44,830 [INFO] Collector scan: /home/pc-1/ElliotCoreRoot/logs/bluetooth.log
2026-03-23 21:19:44,830 [INFO] Collector scan: /home/pc-1/ElliotCoreRoot/logs/system.log
2026-03-23 21:19:54,830 [INFO] HealthCheck stub called
2026-03-23 21:19:54,830 [INFO] Collector scan: /home/pc-1/ElliotCoreRoot/logs/wifi.log
2026-03-23 21:19:54,830 [INFO] Collector scan: /home/pc-1/ElliotCoreRoot/logs/bluetooth.log
2026-03-23 21:19:54,830 [INFO] Collector scan: /home/pc-1/ElliotCoreRoot/logs/system.log
2026-03-23 21:20:04,830 [INFO] HealthCheck stub called
2026-03-23 21:20:04,830 [INFO] Collector scan: /home/pc-1/ElliotCoreRoot/logs/wifi.log
2026-03-23 21:20:04,830 [INFO] Collector scan: /home/pc-1/ElliotCoreRoot/logs/bluetooth.log
2026-03-23 21:20:04,830 [INFO] Collector scan: /home/pc-1/ElliotCoreRoot/logs/system.log
2026-03-23 21:20:14,830 [INFO] HealthCheck stub called
2026-03-23 21:20:14,831 [INFO] Collector scan: /home/pc-1/ElliotCoreRoot/logs/wifi.log
2026-03-23 21:20:14,831 [INFO] Collector scan: /home/pc-1/ElliotCoreRoot/logs/bluetooth.log
2026-03-23 21:20:14,831 [INFO] Collector scan: /home/pc-1/ElliotCoreRoot/logs/system.log
2026-03-23 21:20:24,831 [INFO] HealthCheck stub called
2026-03-23 21:20:24,831 [INFO] Collector scan: /home/pc-1/ElliotCoreRoot/logs/wifi.log
2026-03-23 21:20:24,831 [INFO] Collector scan: /home/pc-1/ElliotCoreRoot/logs/bluetooth.log
2026-03-23 21:20:24,831 [INFO] Collector scan: /home/pc-1/ElliotCoreRoot/logs/system.log
2026-03-23 21:20:34,831 [INFO] HealthCheck stub called
2026-03-23 21:20:34,831 [INFO] Collector scan: /home/pc-1/ElliotCoreRoot/logs/wifi.log
2026-03-23 21:20:34,831 [INFO] Collector scan: /home/pc-1/ElliotCoreRoot/logs/bluetooth.log
2026-03-23 21:20:34,831 [INFO] Collector scan: /home/pc-1/ElliotCoreRoot/logs/system.log
2026-03-23 21:20:44,831 [INFO] HealthCheck stub called
2026-03-23 21:20:44,831 [INFO] Collector scan: /home/pc-1/ElliotCoreRoot/logs/wifi.log
2026-03-23 21:20:44,832 [INFO] Collector scan: /home/pc-1/ElliotCoreRoot/logs/bluetooth.log
2026-03-23 21:20:44,832 [INFO] Collector scan: /home/pc-1/ElliotCoreRoot/logs/system.log
2026-03-23 21:20:54,832 [INFO] HealthCheck stub called
2026-03-23 21:20:54,832 [INFO] Collector scan: /home/pc-1/ElliotCoreRoot/logs/wifi.log
2026-03-23 21:20:54,832 [INFO] Collector scan: /home/pc-1/ElliotCoreRoot/logs/bluetooth.log
2026-03-23 21:20:54,832 [INFO] Collector scan: /home/pc-1/ElliotCoreRoot/logs/system.log
2026-03-23 21:21:04,832 [INFO] HealthCheck stub called
2026-03-23 21:21:04,832 [INFO] Collector scan: /home/pc-1/ElliotCoreRoot/logs/wifi.log
2026-03-23 21:21:04,832 [INFO] Collector scan: /home/pc-1/ElliotCoreRoot/logs/bluetooth.log
2026-03-23 21:21:04,832 [INFO] Collector scan: /home/pc-1/ElliotCoreRoot/logs/system.log
2026-03-23 21:21:14,832 [INFO] HealthCheck stub called
2026-03-23 21:21:14,832 [INFO] Collector scan: /home/pc-1/ElliotCoreRoot/logs/wifi.log
2026-03-23 21:21:14,832 [INFO] Collector scan: /home/pc-1/ElliotCoreRoot/logs/bluetooth.log
2026-03-23 21:21:14,832 [INFO] Collector scan: /home/pc-1/ElliotCoreRoot/logs/system.log
2026-03-23 21:21:24,833 [INFO] HealthCheck stub called
2026-03-23 21:21:24,833 [INFO] Collector scan: /home/pc-1/ElliotCoreRoot/logs/wifi.log
2026-03-23 21:21:24,833 [INFO] Collector scan: /home/pc-1/ElliotCoreRoot/logs/bluetooth.log
2026-03-23 21:21:24,833 [INFO] Collector scan: /home/pc-1/ElliotCoreRoot/logs/system.log
2026-03-23 21:21:34,833 [INFO] HealthCheck stub called
2026-03-23 21:21:34,833 [INFO] Collector scan: /home/pc-1/ElliotCoreRoot/logs/wifi.log
2026-03-23 21:21:34,833 [INFO] Collector scan: /home/pc-1/ElliotCoreRoot/logs/bluetooth.log
2026-03-23 21:21:34,833 [INFO] Collector scan: /home/pc-1/ElliotCoreRoot/logs/system.log
2026-03-23 21:21:44,833 [INFO] HealthCheck stub called
2026-03-23 21:21:44,833 [INFO] Collector scan: /home/pc-1/ElliotCoreRoot/logs/wifi.log
2026-03-23 21:21:44,833 [INFO] Collector scan: /home/pc-1/ElliotCoreRoot/logs/bluetooth.log
2026-03-23 21:21:44,833 [INFO] Collector scan: /home/pc-1/ElliotCoreRoot/logs/system.log
2026-03-23 21:21:54,834 [INFO] HealthCheck stub called
2026-03-23 21:21:54,834 [INFO] Collector scan: /home/pc-1/ElliotCoreRoot/logs/wifi.log
2026-03-23 21:21:54,834 [INFO] Collector scan: /home/pc-1/ElliotCoreRoot/logs/bluetooth.log
2026-03-23 21:21:54,834 [INFO] Collector scan: /home/pc-1/ElliotCoreRoot/logs/system.log
2026-03-23 21:22:04,834 [INFO] HealthCheck stub called
2026-03-23 21:22:04,834 [INFO] Collector scan: /home/pc-1/ElliotCoreRoot/logs/wifi.log
2026-03-23 21:22:04,834 [INFO] Collector scan: /home/pc-1/ElliotCoreRoot/logs/bluetooth.log
2026-03-23 21:22:04,834 [INFO] Collector scan: /home/pc-1/ElliotCoreRoot/logs/system.log
2026-03-23 21:22:14,834 [INFO] HealthCheck stub called
2026-03-23 21:22:14,834 [INFO] Collector scan: /home/pc-1/ElliotCoreRoot/logs/wifi.log
2026-03-23 21:22:14,834 [INFO] Collector scan: /home/pc-1/ElliotCoreRoot/logs/bluetooth.log
2026-03-23 21:22:14,834 [INFO] Collector scan: /home/pc-1/ElliotCoreRoot/logs/system.log
2026-03-23 21:22:24,835 [INFO] HealthCheck stub called
2026-03-23 21:22:24,835 [INFO] Collector scan: /home/pc-1/ElliotCoreRoot/logs/wifi.log
2026-03-23 21:22:24,835 [INFO] Collector scan: /home/pc-1/ElliotCoreRoot/logs/bluetooth.log
2026-03-23 21:22:24,835 [INFO] Collector scan: /home/pc-1/ElliotCoreRoot/logs/system.log
2026-03-23 21:22:34,835 [INFO] HealthCheck stub called
2026-03-23 21:22:34,835 [INFO] Collector scan: /home/pc-1/ElliotCoreRoot/logs/wifi.log
2026-03-23 21:22:34,835 [INFO] Collector scan: /home/pc-1/ElliotCoreRoot/logs/bluetooth.log
2026-03-23 21:22:34,835 [INFO] Collector scan: /home/pc-1/ElliotCoreRoot/logs/system.log
2026-03-23 21:22:44,835 [INFO] HealthCheck stub called
2026-03-23 21:22:44,835 [INFO] Collector scan: /home/pc-1/ElliotCoreRoot/logs/wifi.log
2026-03-23 21:22:44,835 [INFO] Collector scan: /home/pc-1/ElliotCoreRoot/logs/bluetooth.log
2026-03-23 21:22:44,835 [INFO] Collector scan: /home/pc-1/ElliotCoreRoot/logs/system.log
2026-03-23 21:22:54,836 [INFO] HealthCheck stub called
2026-03-23 21:22:54,836 [INFO] Collector scan: /home/pc-1/ElliotCoreRoot/logs/wifi.log
2026-03-23 21:22:54,836 [INFO] Collector scan: /home/pc-1/ElliotCoreRoot/logs/bluetooth.log
2026-03-23 21:22:54,836 [INFO] Collector scan: /home/pc-1/ElliotCoreRoot/logs/system.log
2026-03-23 21:23:04,836 [INFO] HealthCheck stub called
2026-03-23 21:23:04,836 [INFO] Collector scan: /home/pc-1/ElliotCoreRoot/logs/wifi.log
2026-03-23 21:23:04,836 [INFO] Collector scan: /home/pc-1/ElliotCoreRoot/logs/bluetooth.log
2026-03-23 21:23:04,836 [INFO] Collector scan: /home/pc-1/ElliotCoreRoot/logs/system.log
2026-03-23 21:23:14,836 [INFO] HealthCheck stub called
2026-03-23 21:23:14,836 [INFO] Collector scan: /home/pc-1/ElliotCoreRoot/logs/wifi.log
2026-03-23 21:23:14,836 [INFO] Collector scan: /home/pc-1/ElliotCoreRoot/logs/bluetooth.log
2026-03-23 21:23:14,836 [INFO] Collector scan: /home/pc-1/ElliotCoreRoot/logs/system.log
2026-03-23 21:23:24,837 [INFO] HealthCheck stub called
2026-03-23 21:23:24,837 [INFO] Collector scan: /home/pc-1/ElliotCoreRoot/logs/wifi.log
2026-03-23 21:23:24,837 [INFO] Collector scan: /home/pc-1/ElliotCoreRoot/logs/bluetooth.log
2026-03-23 21:23:24,837 [INFO] Collector scan: /home/pc-1/ElliotCoreRoot/logs/system.log
2026-03-23 21:23:34,837 [INFO] HealthCheck stub called
2026-03-23 21:23:34,837 [INFO] Collector scan: /home/pc-1/ElliotCoreRoot/logs/wifi.log
2026-03-23 21:23:34,837 [INFO] Collector scan: /home/pc-1/ElliotCoreRoot/logs/bluetooth.log
2026-03-23 21:23:34,837 [INFO] Collector scan: /home/pc-1/ElliotCoreRoot/logs/system.log
2026-03-23 21:23:44,837 [INFO] HealthCheck stub called
2026-03-23 21:23:44,837 [INFO] Collector scan: /home/pc-1/ElliotCoreRoot/logs/wifi.log
2026-03-23 21:23:44,837 [INFO] Collector scan: /home/pc-1/ElliotCoreRoot/logs/bluetooth.log
2026-03-23 21:23:44,838 [INFO] Collector scan: /home/pc-1/ElliotCoreRoot/logs/system.log
2026-03-23 21:23:54,838 [INFO] HealthCheck stub called
2026-03-23 21:23:54,838 [INFO] Collector scan: /home/pc-1/ElliotCoreRoot/logs/wifi.log
2026-03-23 21:23:54,838 [INFO] Collector scan: /home/pc-1/ElliotCoreRoot/logs/bluetooth.log
2026-03-23 21:23:54,838 [INFO] Collector scan: /home/pc-1/ElliotCoreRoot/logs/system.log
2026-03-23 21:24:04,838 [INFO] HealthCheck stub called
2026-03-23 21:24:04,838 [INFO] Collector scan: /home/pc-1/ElliotCoreRoot/logs/wifi.log
2026-03-23 21:24:04,838 [INFO] Collector scan: /home/pc-1/ElliotCoreRoot/logs/bluetooth.log
2026-03-23 21:24:04,838 [INFO] Collector scan: /home/pc-1/ElliotCoreRoot/logs/system.log
2026-03-23 21:24:14,838 [INFO] HealthCheck stub called
2026-03-23 21:24:14,839 [INFO] Collector scan: /home/pc-1/ElliotCoreRoot/logs/wifi.log
2026-03-23 21:24:14,839 [INFO] Collector scan: /home/pc-1/ElliotCoreRoot/logs/bluetooth.log
2026-03-23 21:24:14,839 [INFO] Collector scan: /home/pc-1/ElliotCoreRoot/logs/system.log
2026-03-23 21:24:24,839 [INFO] HealthCheck stub called
2026-03-23 21:24:24,839 [INFO] Collector scan: /home/pc-1/ElliotCoreRoot/logs/wifi.log
2026-03-23 21:24:24,839 [INFO] Collector scan: /home/pc-1/ElliotCoreRoot/logs/bluetooth.log
2026-03-23 21:24:24,839 [INFO] Collector scan: /home/pc-1/ElliotCoreRoot/logs/system.log
2026-03-23 21:24:34,839 [INFO] HealthCheck stub called
2026-03-23 21:24:34,839 [INFO] Collector scan: /home/pc-1/ElliotCoreRoot/logs/wifi.log
2026-03-23 21:24:34,839 [INFO] Collector scan: /home/pc-1/ElliotCoreRoot/logs/bluetooth.log
2026-03-23 21:24:34,839 [INFO] Collector scan: /home/pc-1/ElliotCoreRoot/logs/system.log
2026-03-23 21:24:44,839 [INFO] HealthCheck stub called
2026-03-23 21:24:44,840 [INFO] Collector scan: /home/pc-1/ElliotCoreRoot/logs/wifi.log
2026-03-23 21:24:44,840 [INFO] Collector scan: /home/pc-1/ElliotCoreRoot/logs/bluetooth.log
2026-03-23 21:24:44,840 [INFO] Collector scan: /home/pc-1/ElliotCoreRoot/logs/system.log
2026-03-23 21:24:54,840 [INFO] HealthCheck stub called
2026-03-23 21:24:54,840 [INFO] Collector scan: /home/pc-1/ElliotCoreRoot/logs/wifi.log
2026-03-23 21:24:54,840 [INFO] Collector scan: /home/pc-1/ElliotCoreRoot/logs/bluetooth.log
2026-03-23 21:24:54,840 [INFO] Collector scan: /home/pc-1/ElliotCoreRoot/logs/system.log
2026-03-23 21:25:04,840 [INFO] HealthCheck stub called
2026-03-23 21:25:04,840 [INFO] Collector scan: /home/pc-1/ElliotCoreRoot/logs/wifi.log
2026-03-23 21:25:04,840 [INFO] Collector scan: /home/pc-1/ElliotCoreRoot/logs/bluetooth.log
2026-03-23 21:25:04,840 [INFO] Collector scan: /home/pc-1/ElliotCoreRoot/logs/system.log
2026-03-23 21:25:14,840 [INFO] HealthCheck stub called
2026-03-23 21:25:14,840 [INFO] Collector scan: /home/pc-1/ElliotCoreRoot/logs/wifi.log
2026-03-23 21:25:14,840 [INFO] Collector scan: /home/pc-1/ElliotCoreRoot/logs/bluetooth.log
2026-03-23 21:25:14,840 [INFO] Collector scan: /home/pc-1/ElliotCoreRoot/logs/system.log
2026-03-23 21:25:24,841 [INFO] HealthCheck stub called
2026-03-23 21:25:24,841 [INFO] Collector scan: /home/pc-1/ElliotCoreRoot/logs/wifi.log
2026-03-23 21:25:24,841 [INFO] Collector scan: /home/pc-1/ElliotCoreRoot/logs/bluetooth.log
2026-03-23 21:25:24,841 [INFO] Collector scan: /home/pc-1/ElliotCoreRoot/logs/system.log
2026-03-23 21:25:34,841 [INFO] HealthCheck stub called
2026-03-23 21:25:34,841 [INFO] Collector scan: /home/pc-1/ElliotCoreRoot/logs/wifi.log
2026-03-23 21:25:34,841 [INFO] Collector scan: /home/pc-1/ElliotCoreRoot/logs/bluetooth.log
2026-03-23 21:25:34,841 [INFO] Collector scan: /home/pc-1/ElliotCoreRoot/logs/system.log
2026-03-23 21:25:44,841 [INFO] HealthCheck stub called
2026-03-23 21:25:44,842 [INFO] Collector scan: /home/pc-1/ElliotCoreRoot/logs/wifi.log
2026-03-23 21:25:44,842 [INFO] Collector scan: /home/pc-1/ElliotCoreRoot/logs/bluetooth.log
2026-03-23 21:25:44,842 [INFO] Collector scan: /home/pc-1/ElliotCoreRoot/logs/system.log
2026-03-23 21:25:54,842 [INFO] HealthCheck stub called
2026-03-23 21:25:54,842 [INFO] Collector scan: /home/pc-1/ElliotCoreRoot/logs/wifi.log
2026-03-23 21:25:54,842 [INFO] Collector scan: /home/pc-1/ElliotCoreRoot/logs/bluetooth.log
2026-03-23 21:25:54,842 [INFO] Collector scan: /home/pc-1/ElliotCoreRoot/logs/system.log
2026-03-23 21:26:04,842 [INFO] HealthCheck stub called
2026-03-23 21:26:04,843 [INFO] Collector scan: /home/pc-1/ElliotCoreRoot/logs/wifi.log
2026-03-23 21:26:04,843 [INFO] Collector scan: /home/pc-1/ElliotCoreRoot/logs/bluetooth.log
2026-03-23 21:26:04,843 [INFO] Collector scan: /home/pc-1/ElliotCoreRoot/logs/system.log
2026-03-23 21:26:14,843 [INFO] HealthCheck stub called
2026-03-23 21:26:14,843 [INFO] Collector scan: /home/pc-1/ElliotCoreRoot/logs/wifi.log
2026-03-23 21:26:14,843 [INFO] Collector scan: /home/pc-1/ElliotCoreRoot/logs/bluetooth.log
2026-03-23 21:26:14,843 [INFO] Collector scan: /home/pc-1/ElliotCoreRoot/logs/system.log
2026-03-23 21:26:24,843 [INFO] HealthCheck stub called
2026-03-23 21:26:24,843 [INFO] Collector scan: /home/pc-1/ElliotCoreRoot/logs/wifi.log
2026-03-23 21:26:24,843 [INFO] Collector scan: /home/pc-1/ElliotCoreRoot/logs/bluetooth.log
2026-03-23 21:26:24,843 [INFO] Collector scan: /home/pc-1/ElliotCoreRoot/logs/system.log
2026-03-23 21:26:34,844 [INFO] HealthCheck stub called
2026-03-23 21:26:34,844 [INFO] Collector scan: /home/pc-1/ElliotCoreRoot/logs/wifi.log
2026-03-23 21:26:34,844 [INFO] Collector scan: /home/pc-1/ElliotCoreRoot/logs/bluetooth.log
2026-03-23 21:26:34,844 [INFO] Collector scan: /home/pc-1/ElliotCoreRoot/logs/system.log
2026-03-23 21:26:44,844 [INFO] HealthCheck stub called
2026-03-23 21:26:44,844 [INFO] Collector scan: /home/pc-1/ElliotCoreRoot/logs/wifi.log
2026-03-23 21:26:44,844 [INFO] Collector scan: /home/pc-1/ElliotCoreRoot/logs/bluetooth.log
2026-03-23 21:26:44,844 [INFO] Collector scan: /home/pc-1/ElliotCoreRoot/logs/system.log
2026-03-23 21:26:54,845 [INFO] HealthCheck stub called
2026-03-23 21:26:54,845 [INFO] Collector scan: /home/pc-1/ElliotCoreRoot/logs/wifi.log
2026-03-23 21:26:54,845 [INFO] Collector scan: /home/pc-1/ElliotCoreRoot/logs/bluetooth.log
2026-03-23 21:26:54,845 [INFO] Collector scan: /home/pc-1/ElliotCoreRoot/logs/system.log
2026-03-23 21:27:04,845 [INFO] HealthCheck stub called
2026-03-23 21:27:04,845 [INFO] Collector scan: /home/pc-1/ElliotCoreRoot/logs/wifi.log
2026-03-23 21:27:04,845 [INFO] Collector scan: /home/pc-1/ElliotCoreRoot/logs/bluetooth.log
2026-03-23 21:27:04,845 [INFO] Collector scan: /home/pc-1/ElliotCoreRoot/logs/system.log
2026-03-23 21:27:14,845 [INFO] HealthCheck stub called
2026-03-23 21:27:14,845 [INFO] Collector scan: /home/pc-1/ElliotCoreRoot/logs/wifi.log
2026-03-23 21:27:14,845 [INFO] Collector scan: /home/pc-1/ElliotCoreRoot/logs/bluetooth.log
2026-03-23 21:27:14,845 [INFO] Collector scan: /home/pc-1/ElliotCoreRoot/logs/system.log
2026-03-23 21:27:24,846 [INFO] HealthCheck stub called
2026-03-23 21:27:24,846 [INFO] Collector scan: /home/pc-1/ElliotCoreRoot/logs/wifi.log
2026-03-23 21:27:24,846 [INFO] Collector scan: /home/pc-1/ElliotCoreRoot/logs/bluetooth.log
2026-03-23 21:27:24,846 [INFO] Collector scan: /home/pc-1/ElliotCoreRoot/logs/system.log
2026-03-23 21:27:34,846 [INFO] HealthCheck stub called
2026-03-23 21:27:34,846 [INFO] Collector scan: /home/pc-1/ElliotCoreRoot/logs/wifi.log
2026-03-23 21:27:34,846 [INFO] Collector scan: /home/pc-1/ElliotCoreRoot/logs/bluetooth.log
2026-03-23 21:27:34,846 [INFO] Collector scan: /home/pc-1/ElliotCoreRoot/logs/system.log
2026-03-23 21:27:44,846 [INFO] HealthCheck stub called
2026-03-23 21:27:44,846 [INFO] Collector scan: /home/pc-1/ElliotCoreRoot/logs/wifi.log
2026-03-23 21:27:44,846 [INFO] Collector scan: /home/pc-1/ElliotCoreRoot/logs/bluetooth.log
2026-03-23 21:27:44,846 [INFO] Collector scan: /home/pc-1/ElliotCoreRoot/logs/system.log
2026-03-23 21:27:54,846 [INFO] HealthCheck stub called
2026-03-23 21:27:54,847 [INFO] Collector scan: /home/pc-1/ElliotCoreRoot/logs/wifi.log
2026-03-23 21:27:54,847 [INFO] Collector scan: /home/pc-1/ElliotCoreRoot/logs/bluetooth.log
2026-03-23 21:27:54,847 [INFO] Collector scan: /home/pc-1/ElliotCoreRoot/logs/system.log
2026-03-23 21:28:04,847 [INFO] HealthCheck stub called
2026-03-23 21:28:04,847 [INFO] Collector scan: /home/pc-1/ElliotCoreRoot/logs/wifi.log
2026-03-23 21:28:04,847 [INFO] Collector scan: /home/pc-1/ElliotCoreRoot/logs/bluetooth.log
2026-03-23 21:28:04,847 [INFO] Collector scan: /home/pc-1/ElliotCoreRoot/logs/system.log
2026-03-23 21:28:14,847 [INFO] HealthCheck stub called
2026-03-23 21:28:14,847 [INFO] Collector scan: /home/pc-1/ElliotCoreRoot/logs/wifi.log
2026-03-23 21:28:14,847 [INFO] Collector scan: /home/pc-1/ElliotCoreRoot/logs/bluetooth.log
2026-03-23 21:28:14,847 [INFO] Collector scan: /home/pc-1/ElliotCoreRoot/logs/system.log
2026-03-23 21:28:24,848 [INFO] HealthCheck stub called
2026-03-23 21:28:24,848 [INFO] Collector scan: /home/pc-1/ElliotCoreRoot/logs/wifi.log
2026-03-23 21:28:24,848 [INFO] Collector scan: /home/pc-1/ElliotCoreRoot/logs/bluetooth.log
2026-03-23 21:28:24,848 [INFO] Collector scan: /home/pc-1/ElliotCoreRoot/logs/system.log
2026-03-23 21:28:34,848 [INFO] HealthCheck stub called
2026-03-23 21:28:34,848 [INFO] Collector scan: /home/pc-1/ElliotCoreRoot/logs/wifi.log
2026-03-23 21:28:34,848 [INFO] Collector scan: /home/pc-1/ElliotCoreRoot/logs/bluetooth.log
2026-03-23 21:28:34,848 [INFO] Collector scan: /home/pc-1/ElliotCoreRoot/logs/system.log
2026-03-23 21:28:44,848 [INFO] HealthCheck stub called
2026-03-23 21:28:44,848 [INFO] Collector scan: /home/pc-1/ElliotCoreRoot/logs/wifi.log
2026-03-23 21:28:44,848 [INFO] Collector scan: /home/pc-1/ElliotCoreRoot/logs/bluetooth.log
2026-03-23 21:28:44,848 [INFO] Collector scan: /home/pc-1/ElliotCoreRoot/logs/system.log
2026-03-23 21:28:54,848 [INFO] HealthCheck stub called
2026-03-23 21:28:54,848 [INFO] Collector scan: /home/pc-1/ElliotCoreRoot/logs/wifi.log
2026-03-23 21:28:54,848 [INFO] Collector scan: /home/pc-1/ElliotCoreRoot/logs/bluetooth.log
2026-03-23 21:28:54,848 [INFO] Collector scan: /home/pc-1/ElliotCoreRoot/logs/system.log
2026-03-23 21:29:04,849 [INFO] HealthCheck stub called
2026-03-23 21:29:04,849 [INFO] Collector scan: /home/pc-1/ElliotCoreRoot/logs/wifi.log
2026-03-23 21:29:04,849 [INFO] Collector scan: /home/pc-1/ElliotCoreRoot/logs/bluetooth.log
2026-03-23 21:29:04,849 [INFO] Collector scan: /home/pc-1/ElliotCoreRoot/logs/system.log
2026-03-23 21:29:14,849 [INFO] HealthCheck stub called
2026-03-23 21:29:14,849 [INFO] Collector scan: /home/pc-1/ElliotCoreRoot/logs/wifi.log
2026-03-23 21:29:14,849 [INFO] Collector scan: /home/pc-1/ElliotCoreRoot/logs/bluetooth.log
2026-03-23 21:29:14,849 [INFO] Collector scan: /home/pc-1/ElliotCoreRoot/logs/system.log
2026-03-23 21:29:24,849 [INFO] HealthCheck stub called
2026-03-23 21:29:24,849 [INFO] Collector scan: /home/pc-1/ElliotCoreRoot/logs/wifi.log
2026-03-23 21:29:24,849 [INFO] Collector scan: /home/pc-1/ElliotCoreRoot/logs/bluetooth.log
2026-03-23 21:29:24,849 [INFO] Collector scan: /home/pc-1/ElliotCoreRoot/logs/system.log
2026-03-23 21:29:34,849 [INFO] HealthCheck stub called
2026-03-23 21:29:34,850 [INFO] Collector scan: /home/pc-1/ElliotCoreRoot/logs/wifi.log
2026-03-23 21:29:34,850 [INFO] Collector scan: /home/pc-1/ElliotCoreRoot/logs/bluetooth.log
2026-03-23 21:29:34,850 [INFO] Collector scan: /home/pc-1/ElliotCoreRoot/logs/system.log
2026-03-23 21:29:44,850 [INFO] HealthCheck stub called
2026-03-23 21:29:44,850 [INFO] Collector scan: /home/pc-1/ElliotCoreRoot/logs/wifi.log
2026-03-23 21:29:44,850 [INFO] Collector scan: /home/pc-1/ElliotCoreRoot/logs/bluetooth.log
2026-03-23 21:29:44,850 [INFO] Collector scan: /home/pc-1/ElliotCoreRoot/logs/system.log
2026-03-23 21:29:54,850 [INFO] HealthCheck stub called
2026-03-23 21:29:54,850 [INFO] Collector scan: /home/pc-1/ElliotCoreRoot/logs/wifi.log
2026-03-23 21:29:54,850 [INFO] Collector scan: /home/pc-1/ElliotCoreRoot/logs/bluetooth.log
2026-03-23 21:29:54,850 [INFO] Collector scan: /home/pc-1/ElliotCoreRoot/logs/system.log
2026-03-23 21:30:04,850 [INFO] HealthCheck stub called
2026-03-23 21:30:04,850 [INFO] Collector scan: /home/pc-1/ElliotCoreRoot/logs/wifi.log
2026-03-23 21:30:04,850 [INFO] Collector scan: /home/pc-1/ElliotCoreRoot/logs/bluetooth.log
2026-03-23 21:30:04,850 [INFO] Collector scan: /home/pc-1/ElliotCoreRoot/logs/system.log
2026-03-23 21:30:14,851 [INFO] HealthCheck stub called
2026-03-23 21:30:14,851 [INFO] Collector scan: /home/pc-1/ElliotCoreRoot/logs/wifi.log
2026-03-23 21:30:14,851 [INFO] Collector scan: /home/pc-1/ElliotCoreRoot/logs/bluetooth.log
2026-03-23 21:30:14,851 [INFO] Collector scan: /home/pc-1/ElliotCoreRoot/logs/system.log
2026-03-23 21:30:24,851 [INFO] HealthCheck stub called
2026-03-23 21:30:24,851 [INFO] Collector scan: /home/pc-1/ElliotCoreRoot/logs/wifi.log
2026-03-23 21:30:24,851 [INFO] Collector scan: /home/pc-1/ElliotCoreRoot/logs/bluetooth.log
2026-03-23 21:30:24,851 [INFO] Collector scan: /home/pc-1/ElliotCoreRoot/logs/system.log
2026-03-23 21:30:34,851 [INFO] HealthCheck stub called
2026-03-23 21:30:34,851 [INFO] Collector scan: /home/pc-1/ElliotCoreRoot/logs/wifi.log
2026-03-23 21:30:34,851 [INFO] Collector scan: /home/pc-1/ElliotCoreRoot/logs/bluetooth.log
2026-03-23 21:30:34,851 [INFO] Collector scan: /home/pc-1/ElliotCoreRoot/logs/system.log
